2023-12-20 20:49:32 [samtaegiServer] info: hello world
2023-12-20 20:49:32 [samtaegiServer] error: hello world
2023-12-20 20:49:32 [samtaegiServer] warn: hello world
2023-12-20 20:54:40 [samtaegiServer] info: hello world
2023-12-20 20:54:40 [samtaegiServer] error: hello world
2023-12-20 20:54:40 [samtaegiServer] warn: hello world
2023-12-20 20:55:28 [samtaegiServer] info: hello world
2023-12-20 20:55:28 [samtaegiServer] error: hello world
2023-12-20 20:55:28 [samtaegiServer] warn: hello world
2023-12-20 20:56:01 [samtaegiServer] info: hello world
2023-12-20 20:56:01 [samtaegiServer] error: hello world
2023-12-20 20:56:01 [samtaegiServer] warn: hello world
2023-12-20 21:13:20 [samtaegiServer] info: music/skip_button / windopper[304626794579886080]
2023-12-20 21:13:20 [samtaegiServer] warn: music/skip_button / windopper[304626794579886080] err: NO_MUSIC_FOUND_ERROR: 음성 채널에 연결해야 합니다
2023-12-20 21:14:18 [samtaegiServer] info: playMusic / windopper[304626794579886080] https://www.youtube.com/watch?v=juN16Sr1bb0&list=PLvoJm-S4aIsxtTs7EnZyVj-3BGpe_SyQJ&index=3
2023-12-20 21:14:30 [samtaegiServer] info: music/pause_button / windopper[304626794579886080]
2023-12-20 21:14:35 [samtaegiServer] info: music/resume_button / windopper[304626794579886080]
2023-12-20 21:15:05 [samtaegiServer] info: playMusic / windopper[304626794579886080] https://www.youtube.com/watch?v=juN16Sr1bb0&list=PLvoJm-S4aIsxtTs7EnZyVj-3BGpe_SyQJ&index=3
2023-12-20 21:15:06 [samtaegiServer] info: playMusic / windopper[304626794579886080] https://www.youtube.com/watch?v=juN16Sr1bb0&list=PLvoJm-S4aIsxtTs7EnZyVj-3BGpe_SyQJ&index=3
2023-12-20 21:15:06 [samtaegiServer] info: playMusic / windopper[304626794579886080] https://www.youtube.com/watch?v=juN16Sr1bb0&list=PLvoJm-S4aIsxtTs7EnZyVj-3BGpe_SyQJ&index=3
2023-12-20 21:15:06 [samtaegiServer] info: playMusic / windopper[304626794579886080] https://www.youtube.com/watch?v=juN16Sr1bb0&list=PLvoJm-S4aIsxtTs7EnZyVj-3BGpe_SyQJ&index=3
2023-12-20 21:15:17 [samtaegiServer] info: music/pause_button / windopper[304626794579886080]
2023-12-20 21:15:24 [samtaegiServer] info: music/resume_button / windopper[304626794579886080]
2023-12-20 21:15:29 [samtaegiServer] info: music/skip_button / windopper[304626794579886080]
2023-12-20 21:15:31 [samtaegiServer] info: music/shuffle_button / windopper[304626794579886080]
2023-12-20 21:15:35 [samtaegiServer] info: music/no_loop_button / windopper[304626794579886080]
2023-12-20 21:15:37 [samtaegiServer] info: music/song_loop_button / windopper[304626794579886080]
2023-12-20 21:15:38 [samtaegiServer] info: musig/queue_loop_button / windopper[304626794579886080]
